{"G:\\shopping-cart-ver2\\src\\App.js": {"path":"G:\\shopping-cart-ver2\\src\\App.js","statementMap":{"0":{"start":{"line":4,"column":2},"end":{"line":4,"column":22}}},"fnMap":{"0":{"name":"App","decl":{"start":{"line":3,"column":9},"end":{"line":3,"column":12}},"loc":{"start":{"line":3,"column":15},"end":{"line":5,"column":1}},"line":3}},"branchMap":{},"s":{"0":0},"f":{"0":0},"b":{}}
,"G:\\shopping-cart-ver2\\src\\index.js": {"path":"G:\\shopping-cart-ver2\\src\\index.js","statementMap":{"0":{"start":{"line":13,"column":16},"end":{"line":13,"column":35}},"1":{"start":{"line":15,"column":13},"end":{"line":15,"column":65}},"2":{"start":{"line":16,"column":0},"end":{"line":22,"column":2}}},"fnMap":{},"branchMap":{},"s":{"0":0,"1":0,"2":0},"f":{},"b":{}}
,"G:\\shopping-cart-ver2\\src\\components\\Home\\Banner.js": {"path":"G:\\shopping-cart-ver2\\src\\components\\Home\\Banner.js","statementMap":{"0":{"start":{"line":5,"column":15},"end":{"line":82,"column":1}},"1":{"start":{"line":6,"column":2},"end":{"line":81,"column":4}}},"fnMap":{"0":{"name":"(anonymous_0)","decl":{"start":{"line":5,"column":15},"end":{"line":5,"column":16}},"loc":{"start":{"line":5,"column":21},"end":{"line":82,"column":1}},"line":5}},"branchMap":{},"s":{"0":0,"1":0},"f":{"0":0},"b":{}}
,"G:\\shopping-cart-ver2\\src\\components\\Home\\Blog.js": {"path":"G:\\shopping-cart-ver2\\src\\components\\Home\\Blog.js","statementMap":{"0":{"start":{"line":2,"column":13},"end":{"line":27,"column":1}},"1":{"start":{"line":3,"column":48},"end":{"line":3,"column":61}},"2":{"start":{"line":4,"column":2},"end":{"line":26,"column":4}}},"fnMap":{"0":{"name":"(anonymous_0)","decl":{"start":{"line":2,"column":13},"end":{"line":2,"column":14}},"loc":{"start":{"line":2,"column":24},"end":{"line":27,"column":1}},"line":2}},"branchMap":{},"s":{"0":0,"1":0,"2":0},"f":{"0":0},"b":{}}
,"G:\\shopping-cart-ver2\\src\\components\\Home\\Brand.js": {"path":"G:\\shopping-cart-ver2\\src\\components\\Home\\Brand.js","statementMap":{"0":{"start":{"line":4,"column":14},"end":{"line":20,"column":1}},"1":{"start":{"line":5,"column":2},"end":{"line":19,"column":3}}},"fnMap":{"0":{"name":"(anonymous_0)","decl":{"start":{"line":4,"column":14},"end":{"line":4,"column":15}},"loc":{"start":{"line":4,"column":23},"end":{"line":20,"column":1}},"line":4}},"branchMap":{},"s":{"0":0,"1":0},"f":{"0":0},"b":{}}
,"G:\\shopping-cart-ver2\\src\\components\\Layout\\Footer.js": {"path":"G:\\shopping-cart-ver2\\src\\components\\Layout\\Footer.js","statementMap":{"0":{"start":{"line":1,"column":15},"end":{"line":103,"column":1}},"1":{"start":{"line":2,"column":2},"end":{"line":102,"column":4}}},"fnMap":{"0":{"name":"(anonymous_0)","decl":{"start":{"line":1,"column":15},"end":{"line":1,"column":16}},"loc":{"start":{"line":1,"column":21},"end":{"line":103,"column":1}},"line":1}},"branchMap":{},"s":{"0":0,"1":0},"f":{"0":0},"b":{}}
,"G:\\shopping-cart-ver2\\src\\components\\Layout\\Layout.js": {"path":"G:\\shopping-cart-ver2\\src\\components\\Layout\\Layout.js","statementMap":{"0":{"start":{"line":5,"column":15},"end":{"line":15,"column":1}},"1":{"start":{"line":6,"column":2},"end":{"line":14,"column":4}}},"fnMap":{"0":{"name":"(anonymous_0)","decl":{"start":{"line":5,"column":15},"end":{"line":5,"column":16}},"loc":{"start":{"line":5,"column":26},"end":{"line":15,"column":1}},"line":5}},"branchMap":{},"s":{"0":0,"1":0},"f":{"0":0},"b":{}}
,"G:\\shopping-cart-ver2\\src\\components\\Layout\\NavBar.js": {"path":"G:\\shopping-cart-ver2\\src\\components\\Layout\\NavBar.js","statementMap":{"0":{"start":{"line":5,"column":15},"end":{"line":61,"column":1}},"1":{"start":{"line":6,"column":23},"end":{"line":6,"column":69}},"2":{"start":{"line":6,"column":46},"end":{"line":6,"column":68}},"3":{"start":{"line":8,"column":2},"end":{"line":60,"column":4}}},"fnMap":{"0":{"name":"(anonymous_0)","decl":{"start":{"line":5,"column":15},"end":{"line":5,"column":16}},"loc":{"start":{"line":5,"column":26},"end":{"line":61,"column":1}},"line":5},"1":{"name":"(anonymous_1)","decl":{"start":{"line":6,"column":35},"end":{"line":6,"column":36}},"loc":{"start":{"line":6,"column":46},"end":{"line":6,"column":68}},"line":6}},"branchMap":{},"s":{"0":1,"1":2,"2":2,"3":2},"f":{"0":2,"1":2},"b":{},"_coverageSchema":"1a1c01bbd47fc00a2c39e90264f33305004495a9","hash":"cbb72c48b21add525d2a240370205da5c0ab9405"}
,"G:\\shopping-cart-ver2\\src\\components\\Shop\\ProductItem.js": {"path":"G:\\shopping-cart-ver2\\src\\components\\Shop\\ProductItem.js","statementMap":{"0":{"start":{"line":3,"column":20},"end":{"line":28,"column":1}},"1":{"start":{"line":4,"column":42},"end":{"line":4,"column":46}},"2":{"start":{"line":6,"column":2},"end":{"line":27,"column":4}}},"fnMap":{"0":{"name":"(anonymous_0)","decl":{"start":{"line":3,"column":20},"end":{"line":3,"column":21}},"loc":{"start":{"line":3,"column":34},"end":{"line":28,"column":1}},"line":3}},"branchMap":{},"s":{"0":0,"1":0,"2":0},"f":{"0":0},"b":{}}
,"G:\\shopping-cart-ver2\\src\\components\\Shop\\Products.js": {"path":"G:\\shopping-cart-ver2\\src\\components\\Shop\\Products.js","statementMap":{"0":{"start":{"line":8,"column":17},"end":{"line":39,"column":1}},"1":{"start":{"line":9,"column":33},"end":{"line":9,"column":45}},"2":{"start":{"line":10,"column":19},"end":{"line":10,"column":32}},"3":{"start":{"line":11,"column":2},"end":{"line":20,"column":9}},"4":{"start":{"line":12,"column":16},"end":{"line":12,"column":48}},"5":{"start":{"line":13,"column":20},"end":{"line":18,"column":5}},"6":{"start":{"line":14,"column":6},"end":{"line":17,"column":9}},"7":{"start":{"line":15,"column":8},"end":{"line":15,"column":34}},"8":{"start":{"line":16,"column":8},"end":{"line":16,"column":60}},"9":{"start":{"line":19,"column":4},"end":{"line":19,"column":14}},"10":{"start":{"line":21,"column":26},"end":{"line":21,"column":56}},"11":{"start":{"line":22,"column":2},"end":{"line":38,"column":4}},"12":{"start":{"line":29,"column":12},"end":{"line":34,"column":18}}},"fnMap":{"0":{"name":"(anonymous_0)","decl":{"start":{"line":8,"column":17},"end":{"line":8,"column":18}},"loc":{"start":{"line":8,"column":28},"end":{"line":39,"column":1}},"line":8},"1":{"name":"(anonymous_1)","decl":{"start":{"line":11,"column":12},"end":{"line":11,"column":13}},"loc":{"start":{"line":11,"column":18},"end":{"line":20,"column":3}},"line":11},"2":{"name":"(anonymous_2)","decl":{"start":{"line":13,"column":20},"end":{"line":13,"column":21}},"loc":{"start":{"line":13,"column":32},"end":{"line":18,"column":5}},"line":13},"3":{"name":"(anonymous_3)","decl":{"start":{"line":14,"column":32},"end":{"line":14,"column":33}},"loc":{"start":{"line":14,"column":46},"end":{"line":17,"column":7}},"line":14},"4":{"name":"(anonymous_4)","decl":{"start":{"line":28,"column":31},"end":{"line":28,"column":32}},"loc":{"start":{"line":29,"column":12},"end":{"line":34,"column":18}},"line":29}},"branchMap":{"0":{"loc":{"start":{"line":27,"column":9},"end":{"line":35,"column":12}},"type":"binary-expr","locations":[{"start":{"line":27,"column":9},"end":{"line":27,"column":17}},{"start":{"line":28,"column":10},"end":{"line":35,"column":12}}],"line":27}},"s":{"0":0,"1":0,"2":0,"3":0,"4":0,"5":0,"6":0,"7":0,"8":0,"9":0,"10":0,"11":0,"12":0},"f":{"0":0,"1":0,"2":0,"3":0,"4":0},"b":{"0":[0,0]}}
,"G:\\shopping-cart-ver2\\src\\components\\cart\\CartItem.js": {"path":"G:\\shopping-cart-ver2\\src\\components\\cart\\CartItem.js","statementMap":{"0":{"start":{"line":5,"column":17},"end":{"line":67,"column":1}},"1":{"start":{"line":6,"column":48},"end":{"line":6,"column":52}},"2":{"start":{"line":7,"column":19},"end":{"line":7,"column":32}},"3":{"start":{"line":8,"column":2},"end":{"line":66,"column":4}},"4":{"start":{"line":27,"column":16},"end":{"line":27,"column":60}},"5":{"start":{"line":37,"column":16},"end":{"line":37,"column":60}},"6":{"start":{"line":60,"column":14},"end":{"line":60,"column":51}}},"fnMap":{"0":{"name":"(anonymous_0)","decl":{"start":{"line":5,"column":17},"end":{"line":5,"column":18}},"loc":{"start":{"line":5,"column":31},"end":{"line":67,"column":1}},"line":5},"1":{"name":"(anonymous_1)","decl":{"start":{"line":26,"column":23},"end":{"line":26,"column":24}},"loc":{"start":{"line":26,"column":29},"end":{"line":28,"column":15}},"line":26},"2":{"name":"(anonymous_2)","decl":{"start":{"line":36,"column":23},"end":{"line":36,"column":24}},"loc":{"start":{"line":36,"column":29},"end":{"line":38,"column":15}},"line":36},"3":{"name":"(anonymous_3)","decl":{"start":{"line":59,"column":21},"end":{"line":59,"column":22}},"loc":{"start":{"line":59,"column":27},"end":{"line":61,"column":13}},"line":59}},"branchMap":{},"s":{"0":0,"1":0,"2":0,"3":0,"4":0,"5":0,"6":0},"f":{"0":0,"1":0,"2":0,"3":0},"b":{}}
,"G:\\shopping-cart-ver2\\src\\components\\form\\Form.js": {"path":"G:\\shopping-cart-ver2\\src\\components\\form\\Form.js","statementMap":{"0":{"start":{"line":9,"column":15},"end":{"line":37,"column":13}},"1":{"start":{"line":38,"column":13},"end":{"line":162,"column":1}},"2":{"start":{"line":39,"column":19},"end":{"line":39,"column":66}},"3":{"start":{"line":45,"column":6},"end":{"line":47,"column":4}},"4":{"start":{"line":49,"column":2},"end":{"line":161,"column":4}}},"fnMap":{"0":{"name":"(anonymous_0)","decl":{"start":{"line":38,"column":13},"end":{"line":38,"column":14}},"loc":{"start":{"line":40,"column":6},"end":{"line":162,"column":1}},"line":40},"1":{"name":"(anonymous_1)","decl":{"start":{"line":39,"column":13},"end":{"line":39,"column":14}},"loc":{"start":{"line":39,"column":19},"end":{"line":39,"column":66}},"line":39}},"branchMap":{"0":{"loc":{"start":{"line":39,"column":2},"end":{"line":39,"column":66}},"type":"default-arg","locations":[{"start":{"line":39,"column":13},"end":{"line":39,"column":66}}],"line":39}},"s":{"0":0,"1":0,"2":0,"3":0,"4":0},"f":{"0":0,"1":0},"b":{"0":[0]}}
,"G:\\shopping-cart-ver2\\src\\components\\form\\FromInput.js": {"path":"G:\\shopping-cart-ver2\\src\\components\\form\\FromInput.js","statementMap":{"0":{"start":{"line":3,"column":18},"end":{"line":17,"column":1}},"1":{"start":{"line":4,"column":2},"end":{"line":16,"column":4}}},"fnMap":{"0":{"name":"(anonymous_0)","decl":{"start":{"line":3,"column":18},"end":{"line":3,"column":19}},"loc":{"start":{"line":3,"column":29},"end":{"line":17,"column":1}},"line":3}},"branchMap":{},"s":{"0":0,"1":0},"f":{"0":0},"b":{}}
,"G:\\shopping-cart-ver2\\src\\components\\toast\\Toast.js": {"path":"G:\\shopping-cart-ver2\\src\\components\\toast\\Toast.js","statementMap":{"0":{"start":{"line":3,"column":14},"end":{"line":15,"column":1}},"1":{"start":{"line":4,"column":2},"end":{"line":6,"column":3}},"2":{"start":{"line":5,"column":4},"end":{"line":5,"column":16}},"3":{"start":{"line":7,"column":2},"end":{"line":14,"column":4}}},"fnMap":{"0":{"name":"(anonymous_0)","decl":{"start":{"line":3,"column":14},"end":{"line":3,"column":15}},"loc":{"start":{"line":3,"column":25},"end":{"line":15,"column":1}},"line":3}},"branchMap":{"0":{"loc":{"start":{"line":4,"column":2},"end":{"line":6,"column":3}},"type":"if","locations":[{"start":{"line":4,"column":2},"end":{"line":6,"column":3}},{"start":{},"end":{}}],"line":4},"1":{"loc":{"start":{"line":10,"column":32},"end":{"line":10,"column":68}},"type":"cond-expr","locations":[{"start":{"line":10,"column":48},"end":{"line":10,"column":57}},{"start":{"line":10,"column":60},"end":{"line":10,"column":68}}],"line":10},"2":{"loc":{"start":{"line":12,"column":7},"end":{"line":12,"column":61}},"type":"cond-expr","locations":[{"start":{"line":12,"column":23},"end":{"line":12,"column":36}},{"start":{"line":12,"column":39},"end":{"line":12,"column":61}}],"line":12}},"s":{"0":0,"1":0,"2":0,"3":0},"f":{"0":0},"b":{"0":[0,0],"1":[0,0],"2":[0,0]}}
,"G:\\shopping-cart-ver2\\src\\page\\CartPage.js": {"path":"G:\\shopping-cart-ver2\\src\\page\\CartPage.js","statementMap":{"0":{"start":{"line":8,"column":17},"end":{"line":97,"column":1}},"1":{"start":{"line":9,"column":20},"end":{"line":9,"column":60}},"2":{"start":{"line":9,"column":43},"end":{"line":9,"column":59}},"3":{"start":{"line":10,"column":22},"end":{"line":10,"column":68}},"4":{"start":{"line":10,"column":45},"end":{"line":10,"column":67}},"5":{"start":{"line":11,"column":38},"end":{"line":11,"column":49}},"6":{"start":{"line":13,"column":2},"end":{"line":15,"column":18}},"7":{"start":{"line":14,"column":4},"end":{"line":14,"column":46}},"8":{"start":{"line":16,"column":19},"end":{"line":16,"column":32}},"9":{"start":{"line":17,"column":2},"end":{"line":96,"column":4}},"10":{"start":{"line":42,"column":14},"end":{"line":42,"column":63}},"11":{"start":{"line":50,"column":25},"end":{"line":50,"column":46}}},"fnMap":{"0":{"name":"(anonymous_0)","decl":{"start":{"line":8,"column":17},"end":{"line":8,"column":18}},"loc":{"start":{"line":8,"column":23},"end":{"line":97,"column":1}},"line":8},"1":{"name":"(anonymous_1)","decl":{"start":{"line":9,"column":32},"end":{"line":9,"column":33}},"loc":{"start":{"line":9,"column":43},"end":{"line":9,"column":59}},"line":9},"2":{"name":"(anonymous_2)","decl":{"start":{"line":10,"column":34},"end":{"line":10,"column":35}},"loc":{"start":{"line":10,"column":45},"end":{"line":10,"column":67}},"line":10},"3":{"name":"(anonymous_3)","decl":{"start":{"line":13,"column":12},"end":{"line":13,"column":13}},"loc":{"start":{"line":13,"column":18},"end":{"line":15,"column":3}},"line":13},"4":{"name":"(anonymous_4)","decl":{"start":{"line":41,"column":28},"end":{"line":41,"column":29}},"loc":{"start":{"line":41,"column":38},"end":{"line":43,"column":13}},"line":41},"5":{"name":"(anonymous_5)","decl":{"start":{"line":50,"column":19},"end":{"line":50,"column":20}},"loc":{"start":{"line":50,"column":25},"end":{"line":50,"column":46}},"line":50}},"branchMap":{},"s":{"0":0,"1":0,"2":0,"3":0,"4":0,"5":0,"6":0,"7":0,"8":0,"9":0,"10":0,"11":0},"f":{"0":0,"1":0,"2":0,"3":0,"4":0,"5":0},"b":{}}
,"G:\\shopping-cart-ver2\\src\\page\\DetailPage.js": {"path":"G:\\shopping-cart-ver2\\src\\page\\DetailPage.js","statementMap":{"0":{"start":{"line":8,"column":19},"end":{"line":104,"column":1}},"1":{"start":{"line":9,"column":17},"end":{"line":9,"column":28}},"2":{"start":{"line":10,"column":30},"end":{"line":10,"column":42}},"3":{"start":{"line":11,"column":26},"end":{"line":11,"column":40}},"4":{"start":{"line":12,"column":19},"end":{"line":12,"column":32}},"5":{"start":{"line":13,"column":21},"end":{"line":13,"column":71}},"6":{"start":{"line":13,"column":44},"end":{"line":13,"column":70}},"7":{"start":{"line":14,"column":19},"end":{"line":14,"column":59}},"8":{"start":{"line":14,"column":42},"end":{"line":14,"column":58}},"9":{"start":{"line":16,"column":2},"end":{"line":22,"column":11}},"10":{"start":{"line":17,"column":4},"end":{"line":21,"column":7}},"11":{"start":{"line":18,"column":6},"end":{"line":20,"column":7}},"12":{"start":{"line":19,"column":8},"end":{"line":19,"column":27}},"13":{"start":{"line":24,"column":27},"end":{"line":40,"column":3}},"14":{"start":{"line":25,"column":4},"end":{"line":38,"column":5}},"15":{"start":{"line":25,"column":33},"end":{"line":25,"column":54}},"16":{"start":{"line":26,"column":6},"end":{"line":33,"column":8}},"17":{"start":{"line":35,"column":6},"end":{"line":35,"column":19}},"18":{"start":{"line":37,"column":6},"end":{"line":37,"column":20}},"19":{"start":{"line":39,"column":4},"end":{"line":39,"column":41}},"20":{"start":{"line":39,"column":21},"end":{"line":39,"column":33}},"21":{"start":{"line":42,"column":23},"end":{"line":91,"column":3}},"22":{"start":{"line":43,"column":4},"end":{"line":90,"column":6}},"23":{"start":{"line":93,"column":2},"end":{"line":103,"column":4}}},"fnMap":{"0":{"name":"(anonymous_0)","decl":{"start":{"line":8,"column":19},"end":{"line":8,"column":20}},"loc":{"start":{"line":8,"column":25},"end":{"line":104,"column":1}},"line":8},"1":{"name":"(anonymous_1)","decl":{"start":{"line":13,"column":33},"end":{"line":13,"column":34}},"loc":{"start":{"line":13,"column":44},"end":{"line":13,"column":70}},"line":13},"2":{"name":"(anonymous_2)","decl":{"start":{"line":14,"column":31},"end":{"line":14,"column":32}},"loc":{"start":{"line":14,"column":42},"end":{"line":14,"column":58}},"line":14},"3":{"name":"(anonymous_3)","decl":{"start":{"line":16,"column":12},"end":{"line":16,"column":13}},"loc":{"start":{"line":16,"column":18},"end":{"line":22,"column":3}},"line":16},"4":{"name":"(anonymous_4)","decl":{"start":{"line":17,"column":24},"end":{"line":17,"column":25}},"loc":{"start":{"line":17,"column":37},"end":{"line":21,"column":5}},"line":17},"5":{"name":"(anonymous_5)","decl":{"start":{"line":24,"column":27},"end":{"line":24,"column":28}},"loc":{"start":{"line":24,"column":33},"end":{"line":40,"column":3}},"line":24},"6":{"name":"(anonymous_6)","decl":{"start":{"line":25,"column":23},"end":{"line":25,"column":24}},"loc":{"start":{"line":25,"column":33},"end":{"line":25,"column":54}},"line":25},"7":{"name":"(anonymous_7)","decl":{"start":{"line":39,"column":15},"end":{"line":39,"column":16}},"loc":{"start":{"line":39,"column":21},"end":{"line":39,"column":33}},"line":39},"8":{"name":"(anonymous_8)","decl":{"start":{"line":42,"column":23},"end":{"line":42,"column":24}},"loc":{"start":{"line":42,"column":29},"end":{"line":91,"column":3}},"line":42}},"branchMap":{"0":{"loc":{"start":{"line":18,"column":6},"end":{"line":20,"column":7}},"type":"if","locations":[{"start":{"line":18,"column":6},"end":{"line":20,"column":7}},{"start":{},"end":{}}],"line":18},"1":{"loc":{"start":{"line":25,"column":4},"end":{"line":38,"column":5}},"type":"if","locations":[{"start":{"line":25,"column":4},"end":{"line":38,"column":5}},{"start":{"line":36,"column":11},"end":{"line":38,"column":5}}],"line":25}},"s":{"0":0,"1":0,"2":0,"3":0,"4":0,"5":0,"6":0,"7":0,"8":0,"9":0,"10":0,"11":0,"12":0,"13":0,"14":0,"15":0,"16":0,"17":0,"18":0,"19":0,"20":0,"21":0,"22":0,"23":0},"f":{"0":0,"1":0,"2":0,"3":0,"4":0,"5":0,"6":0,"7":0,"8":0},"b":{"0":[0,0],"1":[0,0]}}
,"G:\\shopping-cart-ver2\\src\\page\\HomePage.js": {"path":"G:\\shopping-cart-ver2\\src\\page\\HomePage.js","statementMap":{"0":{"start":{"line":8,"column":17},"end":{"line":54,"column":1}},"1":{"start":{"line":9,"column":22},"end":{"line":31,"column":3}},"2":{"start":{"line":33,"column":2},"end":{"line":53,"column":4}},"3":{"start":{"line":47,"column":14},"end":{"line":47,"column":54}}},"fnMap":{"0":{"name":"(anonymous_0)","decl":{"start":{"line":8,"column":17},"end":{"line":8,"column":18}},"loc":{"start":{"line":8,"column":23},"end":{"line":54,"column":1}},"line":8},"1":{"name":"(anonymous_1)","decl":{"start":{"line":46,"column":29},"end":{"line":46,"column":30}},"loc":{"start":{"line":47,"column":14},"end":{"line":47,"column":54}},"line":47}},"branchMap":{},"s":{"0":0,"1":0,"2":0,"3":0},"f":{"0":0,"1":0},"b":{}}
,"G:\\shopping-cart-ver2\\src\\page\\ProductPage.js": {"path":"G:\\shopping-cart-ver2\\src\\page\\ProductPage.js","statementMap":{"0":{"start":{"line":5,"column":20},"end":{"line":53,"column":1}},"1":{"start":{"line":6,"column":21},"end":{"line":6,"column":71}},"2":{"start":{"line":6,"column":44},"end":{"line":6,"column":70}},"3":{"start":{"line":7,"column":30},"end":{"line":7,"column":50}},"4":{"start":{"line":9,"column":24},"end":{"line":14,"column":3}},"5":{"start":{"line":10,"column":30},"end":{"line":12,"column":5}},"6":{"start":{"line":11,"column":16},"end":{"line":11,"column":42}},"7":{"start":{"line":13,"column":4},"end":{"line":13,"column":33}},"8":{"start":{"line":15,"column":23},"end":{"line":15,"column":75}},"9":{"start":{"line":17,"column":2},"end":{"line":52,"column":4}},"10":{"start":{"line":27,"column":27},"end":{"line":27,"column":48}},"11":{"start":{"line":32,"column":12},"end":{"line":38,"column":21}},"12":{"start":{"line":35,"column":29},"end":{"line":35,"column":52}},"13":{"start":{"line":43,"column":12},"end":{"line":47,"column":14}}},"fnMap":{"0":{"name":"(anonymous_0)","decl":{"start":{"line":5,"column":20},"end":{"line":5,"column":21}},"loc":{"start":{"line":5,"column":26},"end":{"line":53,"column":1}},"line":5},"1":{"name":"(anonymous_1)","decl":{"start":{"line":6,"column":33},"end":{"line":6,"column":34}},"loc":{"start":{"line":6,"column":44},"end":{"line":6,"column":70}},"line":6},"2":{"name":"(anonymous_2)","decl":{"start":{"line":9,"column":24},"end":{"line":9,"column":25}},"loc":{"start":{"line":9,"column":38},"end":{"line":14,"column":3}},"line":9},"3":{"name":"(anonymous_3)","decl":{"start":{"line":11,"column":6},"end":{"line":11,"column":7}},"loc":{"start":{"line":11,"column":16},"end":{"line":11,"column":42}},"line":11},"4":{"name":"(anonymous_4)","decl":{"start":{"line":27,"column":21},"end":{"line":27,"column":22}},"loc":{"start":{"line":27,"column":27},"end":{"line":27,"column":48}},"line":27},"5":{"name":"(anonymous_5)","decl":{"start":{"line":31,"column":29},"end":{"line":31,"column":30}},"loc":{"start":{"line":32,"column":12},"end":{"line":38,"column":21}},"line":32},"6":{"name":"(anonymous_6)","decl":{"start":{"line":35,"column":23},"end":{"line":35,"column":24}},"loc":{"start":{"line":35,"column":29},"end":{"line":35,"column":52}},"line":35},"7":{"name":"(anonymous_7)","decl":{"start":{"line":42,"column":23},"end":{"line":42,"column":24}},"loc":{"start":{"line":42,"column":33},"end":{"line":48,"column":11}},"line":42}},"branchMap":{},"s":{"0":0,"1":0,"2":0,"3":0,"4":0,"5":0,"6":0,"7":0,"8":0,"9":0,"10":0,"11":0,"12":0,"13":0},"f":{"0":0,"1":0,"2":0,"3":0,"4":0,"5":0,"6":0,"7":0},"b":{}}
,"G:\\shopping-cart-ver2\\src\\routes\\index.js": {"path":"G:\\shopping-cart-ver2\\src\\routes\\index.js","statementMap":{"0":{"start":{"line":9,"column":17},"end":{"line":22,"column":1}},"1":{"start":{"line":10,"column":2},"end":{"line":21,"column":4}}},"fnMap":{"0":{"name":"(anonymous_0)","decl":{"start":{"line":9,"column":17},"end":{"line":9,"column":18}},"loc":{"start":{"line":9,"column":23},"end":{"line":22,"column":1}},"line":9}},"branchMap":{},"s":{"0":0,"1":0},"f":{"0":0},"b":{}}
,"G:\\shopping-cart-ver2\\src\\service\\index.js": {"path":"G:\\shopping-cart-ver2\\src\\service\\index.js","statementMap":{"0":{"start":{"line":3,"column":31},"end":{"line":11,"column":1}},"1":{"start":{"line":4,"column":2},"end":{"line":10,"column":3}},"2":{"start":{"line":5,"column":4},"end":{"line":5,"column":13}},"3":{"start":{"line":7,"column":4},"end":{"line":9,"column":10}},"4":{"start":{"line":8,"column":6},"end":{"line":8,"column":53}},"5":{"start":{"line":12,"column":30},"end":{"line":14,"column":1}},"6":{"start":{"line":13,"column":2},"end":{"line":13,"column":26}},"7":{"start":{"line":15,"column":30},"end":{"line":19,"column":1}},"8":{"start":{"line":16,"column":14},"end":{"line":16,"column":48}},"9":{"start":{"line":17,"column":19},"end":{"line":17,"column":39}},"10":{"start":{"line":18,"column":2},"end":{"line":18,"column":23}},"11":{"start":{"line":21,"column":30},"end":{"line":28,"column":1}},"12":{"start":{"line":22,"column":2},"end":{"line":26,"column":3}},"13":{"start":{"line":23,"column":17},"end":{"line":23,"column":41}},"14":{"start":{"line":25,"column":4},"end":{"line":25,"column":24}},"15":{"start":{"line":27,"column":2},"end":{"line":27,"column":14}}},"fnMap":{"0":{"name":"(anonymous_0)","decl":{"start":{"line":3,"column":31},"end":{"line":3,"column":32}},"loc":{"start":{"line":3,"column":45},"end":{"line":11,"column":1}},"line":3},"1":{"name":"(anonymous_1)","decl":{"start":{"line":7,"column":27},"end":{"line":7,"column":28}},"loc":{"start":{"line":7,"column":49},"end":{"line":9,"column":5}},"line":7},"2":{"name":"(anonymous_2)","decl":{"start":{"line":12,"column":30},"end":{"line":12,"column":31}},"loc":{"start":{"line":12,"column":51},"end":{"line":14,"column":1}},"line":12},"3":{"name":"(anonymous_3)","decl":{"start":{"line":15,"column":30},"end":{"line":15,"column":31}},"loc":{"start":{"line":15,"column":42},"end":{"line":19,"column":1}},"line":15},"4":{"name":"(anonymous_4)","decl":{"start":{"line":21,"column":30},"end":{"line":21,"column":31}},"loc":{"start":{"line":21,"column":47},"end":{"line":28,"column":1}},"line":21}},"branchMap":{"0":{"loc":{"start":{"line":4,"column":2},"end":{"line":10,"column":3}},"type":"if","locations":[{"start":{"line":4,"column":2},"end":{"line":10,"column":3}},{"start":{"line":6,"column":9},"end":{"line":10,"column":3}}],"line":4},"1":{"loc":{"start":{"line":22,"column":2},"end":{"line":26,"column":3}},"type":"if","locations":[{"start":{"line":22,"column":2},"end":{"line":26,"column":3}},{"start":{},"end":{}}],"line":22}},"s":{"0":0,"1":0,"2":0,"3":0,"4":0,"5":0,"6":0,"7":0,"8":0,"9":0,"10":0,"11":0,"12":0,"13":0,"14":0,"15":0},"f":{"0":0,"1":0,"2":0,"3":0,"4":0},"b":{"0":[0,0],"1":[0,0]}}
,"G:\\shopping-cart-ver2\\src\\store\\api-slice.js": {"path":"G:\\shopping-cart-ver2\\src\\store\\api-slice.js","statementMap":{"0":{"start":{"line":3,"column":17},"end":{"line":13,"column":2}},"1":{"start":{"line":10,"column":6},"end":{"line":10,"column":37}},"2":{"start":{"line":15,"column":26},"end":{"line":15,"column":42}}},"fnMap":{"0":{"name":"(anonymous_0)","decl":{"start":{"line":9,"column":21},"end":{"line":9,"column":22}},"loc":{"start":{"line":9,"column":40},"end":{"line":11,"column":5}},"line":9}},"branchMap":{},"s":{"0":1,"1":0,"2":1},"f":{"0":0},"b":{},"_coverageSchema":"1a1c01bbd47fc00a2c39e90264f33305004495a9","hash":"a10d4bbf6301fb9996cb7a28e495d41f562e8b5a"}
,"G:\\shopping-cart-ver2\\src\\store\\card-slice.js": {"path":"G:\\shopping-cart-ver2\\src\\store\\card-slice.js","statementMap":{"0":{"start":{"line":3,"column":18},"end":{"line":39,"column":2}},"1":{"start":{"line":11,"column":25},"end":{"line":13,"column":7}},"2":{"start":{"line":12,"column":18},"end":{"line":12,"column":47}},"3":{"start":{"line":14,"column":6},"end":{"line":17,"column":7}},"4":{"start":{"line":15,"column":8},"end":{"line":15,"column":61}},"5":{"start":{"line":16,"column":8},"end":{"line":16,"column":28}},"6":{"start":{"line":20,"column":25},"end":{"line":20,"column":79}},"7":{"start":{"line":20,"column":52},"end":{"line":20,"column":78}},"8":{"start":{"line":21,"column":6},"end":{"line":21,"column":28}},"9":{"start":{"line":22,"column":6},"end":{"line":22,"column":26}},"10":{"start":{"line":25,"column":25},"end":{"line":25,"column":79}},"11":{"start":{"line":25,"column":52},"end":{"line":25,"column":78}},"12":{"start":{"line":26,"column":6},"end":{"line":26,"column":26}},"13":{"start":{"line":27,"column":6},"end":{"line":31,"column":7}},"14":{"start":{"line":28,"column":8},"end":{"line":28,"column":79}},"15":{"start":{"line":28,"column":51},"end":{"line":28,"column":77}},"16":{"start":{"line":30,"column":8},"end":{"line":30,"column":30}},"17":{"start":{"line":34,"column":25},"end":{"line":34,"column":79}},"18":{"start":{"line":34,"column":52},"end":{"line":34,"column":78}},"19":{"start":{"line":35,"column":6},"end":{"line":35,"column":47}},"20":{"start":{"line":36,"column":6},"end":{"line":36,"column":77}},"21":{"start":{"line":36,"column":49},"end":{"line":36,"column":75}},"22":{"start":{"line":41,"column":27},"end":{"line":41,"column":44}}},"fnMap":{"0":{"name":"(anonymous_0)","decl":{"start":{"line":10,"column":15},"end":{"line":10,"column":16}},"loc":{"start":{"line":10,"column":34},"end":{"line":18,"column":5}},"line":10},"1":{"name":"(anonymous_1)","decl":{"start":{"line":12,"column":8},"end":{"line":12,"column":9}},"loc":{"start":{"line":12,"column":18},"end":{"line":12,"column":47}},"line":12},"2":{"name":"(anonymous_2)","decl":{"start":{"line":19,"column":23},"end":{"line":19,"column":24}},"loc":{"start":{"line":19,"column":42},"end":{"line":23,"column":5}},"line":19},"3":{"name":"(anonymous_3)","decl":{"start":{"line":20,"column":42},"end":{"line":20,"column":43}},"loc":{"start":{"line":20,"column":52},"end":{"line":20,"column":78}},"line":20},"4":{"name":"(anonymous_4)","decl":{"start":{"line":24,"column":23},"end":{"line":24,"column":24}},"loc":{"start":{"line":24,"column":42},"end":{"line":32,"column":5}},"line":24},"5":{"name":"(anonymous_5)","decl":{"start":{"line":25,"column":42},"end":{"line":25,"column":43}},"loc":{"start":{"line":25,"column":52},"end":{"line":25,"column":78}},"line":25},"6":{"name":"(anonymous_6)","decl":{"start":{"line":28,"column":41},"end":{"line":28,"column":42}},"loc":{"start":{"line":28,"column":51},"end":{"line":28,"column":77}},"line":28},"7":{"name":"(anonymous_7)","decl":{"start":{"line":33,"column":16},"end":{"line":33,"column":17}},"loc":{"start":{"line":33,"column":35},"end":{"line":37,"column":5}},"line":33},"8":{"name":"(anonymous_8)","decl":{"start":{"line":34,"column":42},"end":{"line":34,"column":43}},"loc":{"start":{"line":34,"column":52},"end":{"line":34,"column":78}},"line":34},"9":{"name":"(anonymous_9)","decl":{"start":{"line":36,"column":39},"end":{"line":36,"column":40}},"loc":{"start":{"line":36,"column":49},"end":{"line":36,"column":75}},"line":36}},"branchMap":{"0":{"loc":{"start":{"line":14,"column":6},"end":{"line":17,"column":7}},"type":"if","locations":[{"start":{"line":14,"column":6},"end":{"line":17,"column":7}},{"start":{},"end":{}}],"line":14},"1":{"loc":{"start":{"line":27,"column":6},"end":{"line":31,"column":7}},"type":"if","locations":[{"start":{"line":27,"column":6},"end":{"line":31,"column":7}},{"start":{"line":29,"column":13},"end":{"line":31,"column":7}}],"line":27}},"s":{"0":1,"1":0,"2":0,"3":0,"4":0,"5":0,"6":0,"7":0,"8":0,"9":0,"10":0,"11":0,"12":0,"13":0,"14":0,"15":0,"16":0,"17":0,"18":0,"19":0,"20":0,"21":0,"22":1},"f":{"0":0,"1":0,"2":0,"3":0,"4":0,"5":0,"6":0,"7":0,"8":0,"9":0},"b":{"0":[0,0],"1":[0,0]},"_coverageSchema":"1a1c01bbd47fc00a2c39e90264f33305004495a9","hash":"fbe02806f3a13f91e152008a6fc2dedc85ef7777"}
,"G:\\shopping-cart-ver2\\src\\store\\index.js": {"path":"G:\\shopping-cart-ver2\\src\\store\\index.js","statementMap":{"0":{"start":{"line":16,"column":22},"end":{"line":19,"column":3}},"1":{"start":{"line":21,"column":16},"end":{"line":24,"column":2}},"2":{"start":{"line":26,"column":25},"end":{"line":26,"column":63}},"3":{"start":{"line":28,"column":21},"end":{"line":36,"column":2}},"4":{"start":{"line":31,"column":4},"end":{"line":35,"column":6}}},"fnMap":{"0":{"name":"(anonymous_0)","decl":{"start":{"line":30,"column":16},"end":{"line":30,"column":17}},"loc":{"start":{"line":31,"column":4},"end":{"line":35,"column":6}},"line":31}},"branchMap":{},"s":{"0":1,"1":1,"2":1,"3":1,"4":1},"f":{"0":1},"b":{},"_coverageSchema":"1a1c01bbd47fc00a2c39e90264f33305004495a9","hash":"05af15a0dcd127da68685ecb199b1e636201fd1a"}
}
